TN:
SF:src\App.tsx
FN:11,(anonymous_1)
FNF:1
FNH:0
FNDA:0,(anonymous_1)
DA:3,0
DA:4,0
DA:5,0
DA:6,0
DA:7,0
DA:8,0
DA:9,0
DA:11,0
DA:12,0
DA:29,0
LF:10
LH:0
BRF:0
BRH:0
end_of_record
TN:
SF:src\main.tsx
FNF:0
FNH:0
DA:1,0
DA:2,0
DA:3,0
DA:4,0
DA:5,0
DA:6,0
DA:8,0
DA:9,0
DA:10,0
DA:13,0
LF:10
LH:0
BRDA:9,0,0,0
BRF:1
BRH:0
end_of_record
TN:
SF:src\components\ErrorBoundary\ErrorBoundary.tsx
FN:17,(anonymous_1)
FN:22,(anonymous_2)
FN:26,(anonymous_3)
FN:30,(anonymous_4)
FNF:4
FNH:0
FNDA:0,(anonymous_1)
FNDA:0,(anonymous_2)
FNDA:0,(anonymous_3)
FNDA:0,(anonymous_4)
DA:2,0
DA:3,0
DA:18,0
DA:19,0
DA:23,0
DA:27,0
DA:31,0
DA:32,0
DA:40,0
DA:44,0
LF:10
LH:0
BRDA:31,0,0,0
BRF:1
BRH:0
end_of_record
TN:
SF:src\components\atoms\Button\Button.tsx
FN:12,(anonymous_0)
FNF:1
FNH:0
FNDA:0,(anonymous_0)
DA:3,0
DA:12,0
DA:18,0
DA:29,0
LF:4
LH:0
BRF:0
BRH:0
end_of_record
TN:
SF:src\components\atoms\Input\Input.tsx
FN:12,(anonymous_1)
FNF:1
FNH:0
FNDA:0,(anonymous_1)
DA:3,0
DA:12,0
DA:18,0
DA:29,0
LF:4
LH:0
BRF:0
BRH:0
end_of_record
TN:
SF:src\components\molecules\SearchBar\SearchBar.tsx
FN:7,(anonymous_1)
FN:10,(anonymous_2)
FN:20,(anonymous_3)
FNF:3
FNH:0
FNDA:0,(anonymous_1)
FNDA:0,(anonymous_2)
FNDA:0,(anonymous_3)
DA:2,0
DA:3,0
DA:4,0
DA:5,0
DA:7,0
DA:8,0
DA:10,0
DA:11,0
DA:14,0
DA:20,0
DA:27,0
LF:11
LH:0
BRF:0
BRH:0
end_of_record
TN:
SF:src\components\molecules\TaskItem\TaskItem.tsx
FN:20,(anonymous_1)
FN:26,(anonymous_2)
FN:30,(anonymous_3)
FN:40,(anonymous_4)
FN:74,(anonymous_5)
FN:80,(anonymous_6)
FN:88,(anonymous_7)
FN:100,(anonymous_8)
FN:110,(anonymous_9)
FN:119,(anonymous_10)
FN:134,(anonymous_11)
FNF:11
FNH:0
FNDA:0,(anonymous_1)
FNDA:0,(anonymous_2)
FNDA:0,(anonymous_3)
FNDA:0,(anonymous_4)
FNDA:0,(anonymous_5)
FNDA:0,(anonymous_6)
FNDA:0,(anonymous_7)
FNDA:0,(anonymous_8)
FNDA:0,(anonymous_9)
FNDA:0,(anonymous_10)
FNDA:0,(anonymous_11)
DA:2,0
DA:3,0
DA:4,0
DA:5,0
DA:6,0
DA:7,0
DA:8,0
DA:20,0
DA:21,0
DA:22,0
DA:23,0
DA:24,0
DA:26,0
DA:27,0
DA:30,0
DA:31,0
DA:32,0
DA:33,0
DA:35,0
DA:37,0
DA:40,0
DA:41,0
DA:42,0
DA:45,0
DA:47,0
DA:49,0
DA:50,0
DA:53,0
DA:74,0
DA:80,0
DA:88,0
DA:100,0
DA:110,0
DA:119,0
DA:134,0
DA:144,0
LF:36
LH:0
BRDA:59,0,0,0
BRDA:59,0,1,0
BRDA:59,0,2,0
BRDA:65,1,0,0
BRDA:65,1,1,0
BRDA:65,1,2,0
BRF:6
BRH:0
end_of_record
TN:
SF:src\components\organisms\Header.tsx
FN:9,(anonymous_1)
FN:12,(anonymous_2)
FN:14,(anonymous_3)
FNF:3
FNH:0
FNDA:0,(anonymous_1)
FNDA:0,(anonymous_2)
FNDA:0,(anonymous_3)
DA:3,0
DA:4,0
DA:5,0
DA:6,0
DA:9,0
DA:10,0
DA:11,0
DA:12,0
DA:14,0
DA:15,0
DA:16,0
DA:19,0
DA:55,0
LF:13
LH:0
BRDA:29,0,0,0
BRDA:29,0,1,0
BRDA:33,1,0,0
BRDA:33,1,1,0
BRF:4
BRH:0
end_of_record
TN:
SF:src\components\organisms\TaskForm.tsx
FN:17,(anonymous_1)
FN:24,(anonymous_2)
FN:26,(anonymous_3)
FN:27,(anonymous_4)
FN:44,(anonymous_5)
FN:67,(anonymous_6)
FN:78,(anonymous_7)
FN:83,(anonymous_8)
FNF:8
FNH:0
FNDA:0,(anonymous_1)
FNDA:0,(anonymous_2)
FNDA:0,(anonymous_3)
FNDA:0,(anonymous_4)
FNDA:0,(anonymous_5)
FNDA:0,(anonymous_6)
FNDA:0,(anonymous_7)
FNDA:0,(anonymous_8)
DA:3,0
DA:4,0
DA:5,0
DA:6,0
DA:15,0
DA:17,0
DA:18,0
DA:19,0
DA:20,0
DA:22,0
DA:23,0
DA:24,0
DA:26,0
DA:27,0
DA:28,0
DA:29,0
DA:30,0
DA:33,0
DA:35,0
DA:37,0
DA:38,0
DA:41,0
DA:44,0
DA:45,0
DA:46,0
DA:47,0
DA:48,0
DA:50,0
DA:51,0
DA:52,0
DA:53,0
DA:56,0
DA:67,0
DA:78,0
DA:84,0
DA:97,0
LF:36
LH:0
BRDA:28,0,0,0
BRDA:46,1,0,0
BRDA:46,2,0,0
BRDA:46,2,1,0
BRDA:59,3,0,0
BRDA:59,3,1,0
BRF:6
BRH:0
end_of_record
TN:
SF:src\components\organisms\TaskItem.tsx
FN:23,(anonymous_1)
FN:30,(anonymous_2)
FN:36,(anonymous_3)
FN:46,(anonymous_4)
FN:76,(anonymous_5)
FN:77,(anonymous_6)
FN:82,(anonymous_7)
FN:94,(anonymous_8)
FN:100,(anonymous_9)
FN:106,(anonymous_10)
FN:117,(anonymous_11)
FNF:11
FNH:0
FNDA:0,(anonymous_1)
FNDA:0,(anonymous_2)
FNDA:0,(anonymous_3)
FNDA:0,(anonymous_4)
FNDA:0,(anonymous_5)
FNDA:0,(anonymous_6)
FNDA:0,(anonymous_7)
FNDA:0,(anonymous_8)
FNDA:0,(anonymous_9)
FNDA:0,(anonymous_10)
FNDA:0,(anonymous_11)
DA:3,0
DA:4,0
DA:5,0
DA:6,0
DA:7,0
DA:9,0
DA:23,0
DA:24,0
DA:26,0
DA:27,0
DA:28,0
DA:30,0
DA:31,0
DA:32,0
DA:36,0
DA:37,0
DA:38,0
DA:39,0
DA:41,0
DA:43,0
DA:46,0
DA:47,0
DA:48,0
DA:49,0
DA:51,0
DA:53,0
DA:54,0
DA:57,0
DA:76,0
DA:77,0
DA:82,0
DA:94,0
DA:100,0
DA:106,0
DA:117,0
DA:124,0
LF:36
LH:0
BRDA:31,0,0,0
BRDA:63,1,0,0
BRDA:63,1,1,0
BRDA:63,1,2,0
BRDA:69,2,0,0
BRDA:69,2,1,0
BRDA:69,2,2,0
BRF:7
BRH:0
end_of_record
TN:
SF:src\components\organisms\TaskList.tsx
FN:17,(anonymous_1)
FN:24,(anonymous_2)
FNF:2
FNH:0
FNDA:0,(anonymous_1)
FNDA:0,(anonymous_2)
DA:3,0
DA:17,0
DA:18,0
DA:19,0
DA:22,0
DA:25,0
DA:31,0
LF:7
LH:0
BRDA:18,0,0,0
BRF:1
BRH:0
end_of_record
TN:
SF:src\components\organisms\Footer\Footer.tsx
FN:6,(anonymous_1)
FNF:1
FNH:0
FNDA:0,(anonymous_1)
DA:3,0
DA:4,0
DA:6,0
DA:7,0
DA:40,0
LF:5
LH:0
BRF:0
BRH:0
end_of_record
TN:
SF:src\components\organisms\Header\Header.tsx
FN:11,(anonymous_1)
FN:14,(anonymous_2)
FN:16,(anonymous_3)
FNF:3
FNH:0
FNDA:0,(anonymous_1)
FNDA:0,(anonymous_2)
FNDA:0,(anonymous_3)
DA:4,0
DA:5,0
DA:7,0
DA:8,0
DA:9,0
DA:11,0
DA:12,0
DA:13,0
DA:14,0
DA:16,0
DA:17,0
DA:18,0
DA:21,0
DA:55,0
LF:14
LH:0
BRDA:30,0,0,0
BRDA:30,0,1,0
BRDA:33,1,0,0
BRDA:33,1,1,0
BRF:4
BRH:0
end_of_record
TN:
SF:src\components\pages\DashboardPage.tsx
FN:12,(anonymous_1)
FN:16,(anonymous_2)
FN:17,(anonymous_3)
FN:19,(anonymous_4)
FNF:4
FNH:0
FNDA:0,(anonymous_1)
FNDA:0,(anonymous_2)
FNDA:0,(anonymous_3)
FNDA:0,(anonymous_4)
DA:3,0
DA:4,0
DA:5,0
DA:6,0
DA:7,0
DA:9,0
DA:10,0
DA:12,0
DA:14,0
DA:15,0
DA:16,0
DA:17,0
DA:19,0
DA:20,0
DA:21,0
DA:23,0
DA:27,0
DA:52,0
LF:18
LH:0
BRDA:20,0,0,0
BRDA:20,0,1,0
BRDA:41,1,0,0
BRDA:41,1,1,0
BRDA:46,2,0,0
BRDA:46,2,1,0
BRDA:46,2,2,0
BRDA:47,3,0,0
BRDA:47,3,1,0
BRF:9
BRH:0
end_of_record
TN:
SF:src\components\pages\LoginPage.tsx
FN:9,(anonymous_0)
FN:16,(anonymous_1)
FN:18,(anonymous_2)
FN:24,(anonymous_3)
FN:45,(anonymous_4)
FN:57,(anonymous_5)
FNF:6
FNH:0
FNDA:0,(anonymous_0)
FNDA:0,(anonymous_1)
FNDA:0,(anonymous_2)
FNDA:0,(anonymous_3)
FNDA:0,(anonymous_4)
FNDA:0,(anonymous_5)
DA:3,0
DA:4,0
DA:5,0
DA:6,0
DA:9,0
DA:10,0
DA:11,0
DA:14,0
DA:15,0
DA:16,0
DA:18,0
DA:19,0
DA:20,0
DA:24,0
DA:25,0
DA:26,0
DA:29,0
DA:45,0
DA:57,0
DA:73,0
LF:20
LH:0
BRDA:19,0,0,0
BRDA:33,1,0,0
BRDA:33,1,1,0
BRDA:63,2,0,0
BRDA:63,2,1,0
BRF:5
BRH:0
end_of_record
TN:
SF:src\components\pages\RegisterPage.tsx
FN:9,(anonymous_0)
FN:18,(anonymous_1)
FN:20,(anonymous_2)
FN:26,(anonymous_3)
FN:43,(anonymous_4)
FN:55,(anonymous_5)
FN:67,(anonymous_6)
FN:78,(anonymous_7)
FNF:8
FNH:0
FNDA:0,(anonymous_0)
FNDA:0,(anonymous_1)
FNDA:0,(anonymous_2)
FNDA:0,(anonymous_3)
FNDA:0,(anonymous_4)
FNDA:0,(anonymous_5)
FNDA:0,(anonymous_6)
FNDA:0,(anonymous_7)
DA:3,0
DA:4,0
DA:5,0
DA:6,0
DA:9,0
DA:10,0
DA:11,0
DA:12,0
DA:13,0
DA:16,0
DA:17,0
DA:18,0
DA:20,0
DA:21,0
DA:22,0
DA:26,0
DA:27,0
DA:28,0
DA:31,0
DA:43,0
DA:55,0
DA:67,0
DA:78,0
DA:97,0
LF:24
LH:0
BRDA:21,0,0,0
BRDA:35,1,0,0
BRDA:35,1,1,0
BRDA:87,2,0,0
BRDA:87,2,1,0
BRF:5
BRH:0
end_of_record
TN:
SF:src\components\pages\About\About.tsx
FN:6,(anonymous_1)
FNF:1
FNH:0
FNDA:0,(anonymous_1)
DA:3,0
DA:4,0
DA:6,0
DA:7,0
DA:36,0
LF:5
LH:0
BRF:0
BRH:0
end_of_record
TN:
SF:src\components\pages\ContactPage\ContactPage.tsx
FN:6,(anonymous_1)
FN:13,(anonymous_2)
FN:17,(anonymous_3)
FN:23,(anonymous_4)
FNF:4
FNH:0
FNDA:0,(anonymous_1)
FNDA:0,(anonymous_2)
FNDA:0,(anonymous_3)
FNDA:0,(anonymous_4)
DA:2,0
DA:3,0
DA:4,0
DA:6,0
DA:7,0
DA:13,0
DA:16,0
DA:17,0
DA:23,0
DA:24,0
DA:25,0
DA:26,0
DA:29,0
DA:84,0
LF:14
LH:0
BRF:0
BRH:0
end_of_record
TN:
SF:src\components\pages\Dashboard\Dashboard.tsx
FN:13,(anonymous_1)
FN:19,(anonymous_2)
FN:20,(anonymous_3)
FN:22,(anonymous_4)
FNF:4
FNH:0
FNDA:0,(anonymous_1)
FNDA:0,(anonymous_2)
FNDA:0,(anonymous_3)
FNDA:0,(anonymous_4)
DA:3,0
DA:4,0
DA:5,0
DA:6,0
DA:7,0
DA:8,0
DA:9,0
DA:11,0
DA:13,0
DA:15,0
DA:16,0
DA:19,0
DA:20,0
DA:22,0
DA:23,0
DA:24,0
DA:26,0
DA:30,0
DA:43,0
LF:19
LH:0
BRDA:23,0,0,0
BRDA:23,0,1,0
BRDA:35,1,0,0
BRDA:35,1,1,0
BRDA:36,2,0,0
BRDA:36,2,1,0
BRDA:36,2,2,0
BRDA:37,3,0,0
BRDA:37,3,1,0
BRF:9
BRH:0
end_of_record
TN:
SF:src\components\pages\HomePage\HomePage.tsx
FN:7,(anonymous_1)
FNF:1
FNH:0
FNDA:0,(anonymous_1)
DA:4,0
DA:5,0
DA:7,0
DA:8,0
DA:18,0
LF:5
LH:0
BRF:0
BRH:0
end_of_record
TN:
SF:src\components\templates\Layout.tsx
FN:9,(anonymous_1)
FNF:1
FNH:0
FNDA:0,(anonymous_1)
DA:3,0
DA:9,0
DA:10,0
DA:18,0
LF:4
LH:0
BRF:0
BRH:0
end_of_record
TN:
SF:src\components\templates\MainLayout\MainLayout.tsx
FN:12,(anonymous_1)
FNF:1
FNH:0
FNDA:0,(anonymous_1)
DA:4,0
DA:5,0
DA:6,0
DA:12,0
DA:13,0
DA:22,0
LF:6
LH:0
BRF:0
BRH:0
end_of_record
TN:
SF:src\features\hooks.ts
FN:5,(anonymous_0)
FNF:1
FNH:0
FNDA:0,(anonymous_0)
DA:2,0
DA:5,0
LF:2
LH:0
BRF:0
BRH:0
end_of_record
TN:
SF:src\features\store.ts
FNF:0
FNH:0
DA:2,0
DA:3,0
DA:4,0
DA:6,0
DA:16,0
LF:5
LH:0
BRF:0
BRH:0
end_of_record
TN:
SF:src\features\auth\authSlice.tsx
FN:54,(anonymous_1)
FN:74,(anonymous_2)
FN:104,(anonymous_3)
FN:109,(anonymous_4)
FN:112,(anonymous_5)
FN:118,(anonymous_6)
FN:123,(anonymous_7)
FN:130,(anonymous_8)
FN:136,(anonymous_9)
FN:141,(anonymous_10)
FNF:10
FNH:0
FNDA:0,(anonymous_1)
FNDA:0,(anonymous_2)
FNDA:0,(anonymous_3)
FNDA:0,(anonymous_4)
FNDA:0,(anonymous_5)
FNDA:0,(anonymous_6)
FNDA:0,(anonymous_7)
FNDA:0,(anonymous_8)
FNDA:0,(anonymous_9)
FNDA:0,(anonymous_10)
DA:2,0
DA:3,0
DA:7,0
DA:26,0
DA:31,0
DA:52,0
DA:55,0
DA:56,0
DA:60,0
DA:61,0
DA:63,0
DA:64,0
DA:72,0
DA:78,0
DA:79,0
DA:85,0
DA:86,0
DA:88,0
DA:89,0
DA:100,0
DA:105,0
DA:106,0
DA:110,0
DA:113,0
DA:114,0
DA:119,0
DA:120,0
DA:124,0
DA:125,0
DA:131,0
DA:132,0
DA:137,0
DA:138,0
DA:142,0
DA:143,0
DA:151,0
DA:154,0
LF:37
LH:0
BRDA:26,0,0,0
BRDA:26,0,1,0
BRDA:65,1,0,0
BRDA:65,1,1,0
BRDA:90,2,0,0
BRDA:90,2,1,0
BRDA:126,3,0,0
BRDA:126,3,1,0
BRDA:144,4,0,0
BRDA:144,4,1,0
BRF:10
BRH:0
end_of_record
TN:
SF:src\features\tasks\taskSlice.tsx
FN:49,(anonymous_1)
FN:69,(anonymous_2)
FN:92,(anonymous_3)
FN:112,(anonymous_4)
FN:141,(anonymous_5)
FN:144,(anonymous_6)
FN:148,(anonymous_7)
FN:152,(anonymous_8)
FN:157,(anonymous_9)
FN:161,(anonymous_10)
FN:165,(anonymous_11)
FN:170,(anonymous_12)
FN:174,(anonymous_13)
FN:176,(anonymous_14)
FN:178,(anonymous_15)
FN:183,(anonymous_16)
FN:187,(anonymous_17)
FN:190,(anonymous_18)
FN:196,(anonymous_19)
FNF:19
FNH:1
FNDA:0,(anonymous_1)
FNDA:2,(anonymous_2)
FNDA:0,(anonymous_3)
FNDA:0,(anonymous_4)
FNDA:0,(anonymous_5)
FNDA:0,(anonymous_6)
FNDA:0,(anonymous_7)
FNDA:0,(anonymous_8)
FNDA:0,(anonymous_9)
FNDA:0,(anonymous_10)
FNDA:0,(anonymous_11)
FNDA:0,(anonymous_12)
FNDA:0,(anonymous_13)
FNDA:0,(anonymous_14)
FNDA:0,(anonymous_15)
FNDA:0,(anonymous_16)
FNDA:0,(anonymous_17)
FNDA:0,(anonymous_18)
FNDA:0,(anonymous_19)
DA:2,1
DA:3,1
DA:7,1
DA:40,1
DA:47,1
DA:50,0
DA:51,0
DA:52,0
DA:55,0
DA:56,0
DA:58,0
DA:59,0
DA:67,1
DA:73,2
DA:74,2
DA:75,2
DA:78,2
DA:79,1
DA:81,1
DA:82,1
DA:90,1
DA:93,0
DA:94,0
DA:95,0
DA:98,0
DA:99,0
DA:101,0
DA:102,0
DA:110,1
DA:116,0
DA:117,0
DA:118,0
DA:121,0
DA:126,0
DA:128,0
DA:129,0
DA:137,1
DA:142,0
DA:145,0
DA:146,0
DA:149,0
DA:150,0
DA:153,0
DA:154,0
DA:158,0
DA:159,0
DA:162,0
DA:163,0
DA:166,0
DA:167,0
DA:171,0
DA:172,0
DA:175,0
DA:176,0
DA:179,0
DA:180,0
DA:184,0
DA:185,0
DA:188,0
DA:189,0
DA:190,0
DA:192,0
DA:193,0
DA:197,0
DA:198,0
DA:203,1
LF:66
LH:17
BRDA:60,0,0,0
BRDA:60,0,1,0
BRDA:83,1,0,1
BRDA:83,1,1,1
BRDA:103,2,0,0
BRDA:103,2,1,0
BRDA:130,3,0,0
BRDA:130,3,1,0
BRDA:154,4,0,0
BRDA:154,4,1,0
BRDA:167,5,0,0
BRDA:167,5,1,0
BRDA:180,6,0,0
BRDA:180,6,1,0
BRDA:192,7,0,0
BRDA:198,8,0,0
BRDA:198,8,1,0
BRF:17
BRH:2
end_of_record
